# JRE version: 7.0_21-b11
# Java VM: Java HotSpot(TM) Client VM (23.21-b01 mixed mode, sharing windows-x86 )
Heap
 def new generation   total 5568K, used 2252K [0x23800000, 0x23e00000, 0x28d50000)
  eden space 4992K,  45% used [0x23800000, 0x23a32820, 0x23ce0000)
  from space 576K,   0% used [0x23d70000, 0x23d70bd8, 0x23e00000)
  to   space 576K,   0% used [0x23ce0000, 0x23ce0000, 0x23d70000)
 tenured generation   total 12152K, used 10330K [0x28d50000, 0x2992e000, 0x33800000)
   the space 12152K,  85% used [0x28d50000, 0x29766ad8, 0x29766c00, 0x2992e000)
 compacting perm gen  total 12288K, used 3339K [0x33800000, 0x34400000, 0x37800000)
   the space 12288K,  27% used [0x33800000, 0x33b42f90, 0x33b43000, 0x34400000)
    ro space 10240K,  42% used [0x37800000, 0x37c422a0, 0x37c42400, 0x38200000)
    rw space 12288K,  54% used [0x38200000, 0x38883250, 0x38883400, 0x38e00000)
GC Heap History (10 events):
Event: 1488.252 GC heap before
{Heap before GC invocations=47424 (full 2046):
 def new generation   total 5568K, used 5100K [0x23800000, 0x23e00000, 0x28d50000)
  eden space 4992K, 100% used [0x23800000, 0x23ce0000, 0x23ce0000)
  from space 576K,  18% used [0x23ce0000, 0x23cfb320, 0x23d70000)
  to   space 576K,   0% used [0x23d70000, 0x23d70000, 0x23e00000)
 tenured generation   total 12152K, used 7930K [0x28d50000, 0x2992e000, 0x33800000)
   the space 12152K,  65% used [0x28d50000, 0x2950eab8, 0x2950ec00, 0x2992e000)
 compacting perm gen  total 12288K, used 3336K [0x33800000, 0x34400000, 0x37800000)
   the space 12288K,  27% used [0x33800000, 0x33b420a8, 0x33b42200, 0x34400000)
    ro space 10240K,  42% used [0x37800000, 0x37c422a0, 0x37c42400, 0x38200000)
    rw space 12288K,  54% used [0x38200000, 0x38883250, 0x38883400, 0x38e00000)
Event: 1488.254 GC heap after
Heap after GC invocations=47425 (full 2046):
 def new generation   total 5568K, used 3K [0x23800000, 0x23e00000, 0x28d50000)
  eden space 4992K,   0% used [0x23800000, 0x23800000, 0x23ce0000)
  from space 576K,   0% used [0x23d70000, 0x23d70d00, 0x23e00000)
  to   space 576K,   0% used [0x23ce0000, 0x23ce0000, 0x23d70000)
 tenured generation   total 12152K, used 10330K [0x28d50000, 0x2992e000, 0x33800000)
   the space 12152K,  85% used [0x28d50000, 0x29766ad8, 0x29766c00, 0x2992e000)
 compacting perm gen  total 12288K, used 3336K [0x33800000, 0x34400000, 0x37800000)
   the space 12288K,  27% used [0x33800000, 0x33b420a8, 0x33b42200, 0x34400000)
    ro space 10240K,  42% used [0x37800000, 0x37c422a0, 0x37c42400, 0x38200000)
    rw space 12288K,  54% used [0x38200000, 0x38883250, 0x38883400, 0x38e00000)
}
Event: 1488.255 GC heap before
{Heap before GC invocations=47425 (full 2046):
 def new generation   total 5568K, used 3367K [0x23800000, 0x23e00000, 0x28d50000)
  eden space 4992K,  67% used [0x23800000, 0x23b49000, 0x23ce0000)
  from space 576K,   0% used [0x23d70000, 0x23d70d00, 0x23e00000)
  to   space 576K,   0% used [0x23ce0000, 0x23ce0000, 0x23d70000)
 tenured generation   total 12152K, used 10330K [0x28d50000, 0x2992e000, 0x33800000)
   the space 12152K,  85% used [0x28d50000, 0x29766ad8, 0x29766c00, 0x2992e000)
 compacting perm gen  total 12288K, used 3336K [0x33800000, 0x34400000, 0x37800000)
   the space 12288K,  27% used [0x33800000, 0x33b420a8, 0x33b42200, 0x34400000)
    ro space 10240K,  42% used [0x37800000, 0x37c422a0, 0x37c42400, 0x38200000)
    rw space 12288K,  54% used [0x38200000, 0x38883250, 0x38883400, 0x38e00000)
Event: 1488.256 GC heap after
Heap after GC invocations=47426 (full 2046):
 def new generation   total 5568K, used 3K [0x23800000, 0x23e00000, 0x28d50000)
  eden space 4992K,   0% used [0x23800000, 0x23800000, 0x23ce0000)
  from space 576K,   0% used [0x23ce0000, 0x23ce0d30, 0x23d70000)
  to   space 576K,   0% used [0x23d70000, 0x23d70000, 0x23e00000)
 tenured generation   total 12152K, used 10330K [0x28d50000, 0x2992e000, 0x33800000)
   the space 12152K,  85% used [0x28d50000, 0x29766ad8, 0x29766c00, 0x2992e000)
 compacting perm gen  total 12288K, used 3336K [0x33800000, 0x34400000, 0x37800000)
   the space 12288K,  27% used [0x33800000, 0x33b420a8, 0x33b42200, 0x34400000)
    ro space 10240K,  42% used [0x37800000, 0x37c422a0, 0x37c42400, 0x38200000)
    rw space 12288K,  54% used [0x38200000, 0x38883250, 0x38883400, 0x38e00000)
}
Event: 1488.287 GC heap before
{Heap before GC invocations=47426 (full 2046):
 def new generation   total 5568K, used 4995K [0x23800000, 0x23e00000, 0x28d50000)
  eden space 4992K, 100% used [0x23800000, 0x23ce0000, 0x23ce0000)
  from space 576K,   0% used [0x23ce0000, 0x23ce0d30, 0x23d70000)
  to   space 576K,   0% used [0x23d70000, 0x23d70000, 0x23e00000)
 tenured generation   total 12152K, used 10330K [0x28d50000, 0x2992e000, 0x33800000)
   the space 12152K,  85% used [0x28d50000, 0x29766ad8, 0x29766c00, 0x2992e000)
 compacting perm gen  total 12288K, used 3338K [0x33800000, 0x34400000, 0x37800000)
   the space 12288K,  27% used [0x33800000, 0x33b42b90, 0x33b42c00, 0x34400000)
    ro space 10240K,  42% used [0x37800000, 0x37c422a0, 0x37c42400, 0x38200000)
    rw space 12288K,  54% used [0x38200000, 0x38883250, 0x38883400, 0x38e00000)
Event: 1488.288 GC heap after
Heap after GC invocations=47427 (full 2046):
 def new generation   total 5568K, used 2K [0x23800000, 0x23e00000, 0x28d50000)
  eden space 4992K,   0% used [0x23800000, 0x23800000, 0x23ce0000)
  from space 576K,   0% used [0x23d70000, 0x23d70bc8, 0x23e00000)
  to   space 576K,   0% used [0x23ce0000, 0x23ce0000, 0x23d70000)
 tenured generation   total 12152K, used 10330K [0x28d50000, 0x2992e000, 0x33800000)
   the space 12152K,  85% used [0x28d50000, 0x29766ad8, 0x29766c00, 0x2992e000)
 compacting perm gen  total 12288K, used 3338K [0x33800000, 0x34400000, 0x37800000)
   the space 12288K,  27% used [0x33800000, 0x33b42b90, 0x33b42c00, 0x34400000)
    ro space 10240K,  42% used [0x37800000, 0x37c422a0, 0x37c42400, 0x38200000)
    rw space 12288K,  54% used [0x38200000, 0x38883250, 0x38883400, 0x38e00000)
}
Event: 1488.307 GC heap before
{Heap before GC invocations=47427 (full 2046):
 def new generation   total 5568K, used 4994K [0x23800000, 0x23e00000, 0x28d50000)
  eden space 4992K, 100% used [0x23800000, 0x23ce0000, 0x23ce0000)
  from space 576K,   0% used [0x23d70000, 0x23d70bc8, 0x23e00000)
  to   space 576K,   0% used [0x23ce0000, 0x23ce0000, 0x23d70000)
 tenured generation   total 12152K, used 10330K [0x28d50000, 0x2992e000, 0x33800000)
   the space 12152K,  85% used [0x28d50000, 0x29766ad8, 0x29766c00, 0x2992e000)
 compacting perm gen  total 12288K, used 3338K [0x33800000, 0x34400000, 0x37800000)
   the space 12288K,  27% used [0x33800000, 0x33b42b90, 0x33b42c00, 0x34400000)
    ro space 10240K,  42% used [0x37800000, 0x37c422a0, 0x37c42400, 0x38200000)
    rw space 12288K,  54% used [0x38200000, 0x38883250, 0x38883400, 0x38e00000)
Event: 1488.308 GC heap after
Heap after GC invocations=47428 (full 2046):
 def new generation   total 5568K, used 2K [0x23800000, 0x23e00000, 0x28d50000)
  eden space 4992K,   0% used [0x23800000, 0x23800000, 0x23ce0000)
  from space 576K,   0% used [0x23ce0000, 0x23ce0bd8, 0x23d70000)
  to   space 576K,   0% used [0x23d70000, 0x23d70000, 0x23e00000)
 tenured generation   total 12152K, used 10330K [0x28d50000, 0x2992e000, 0x33800000)
   the space 12152K,  85% used [0x28d50000, 0x29766ad8, 0x29766c00, 0x2992e000)
 compacting perm gen  total 12288K, used 3338K [0x33800000, 0x34400000, 0x37800000)
   the space 12288K,  27% used [0x33800000, 0x33b42b90, 0x33b42c00, 0x34400000)
    ro space 10240K,  42% used [0x37800000, 0x37c422a0, 0x37c42400, 0x38200000)
    rw space 12288K,  54% used [0x38200000, 0x38883250, 0x38883400, 0x38e00000)
}
Event: 1488.328 GC heap before
{Heap before GC invocations=47428 (full 2046):
 def new generation   total 5568K, used 4994K [0x23800000, 0x23e00000, 0x28d50000)
  eden space 4992K, 100% used [0x23800000, 0x23ce0000, 0x23ce0000)
  from space 576K,   0% used [0x23ce0000, 0x23ce0bd8, 0x23d70000)
  to   space 576K,   0% used [0x23d70000, 0x23d70000, 0x23e00000)
 tenured generation   total 12152K, used 10330K [0x28d50000, 0x2992e000, 0x33800000)
   the space 12152K,  85% used [0x28d50000, 0x29766ad8, 0x29766c00, 0x2992e000)
 compacting perm gen  total 12288K, used 3338K [0x33800000, 0x34400000, 0x37800000)
   the space 12288K,  27% used [0x33800000, 0x33b42b90, 0x33b42c00, 0x34400000)
    ro space 10240K,  42% used [0x37800000, 0x37c422a0, 0x37c42400, 0x38200000)
    rw space 12288K,  54% used [0x38200000, 0x38883250, 0x38883400, 0x38e00000)
Event: 1488.328 GC heap after
Heap after GC invocations=47429 (full 2046):
 def new generation   total 5568K, used 2K [0x23800000, 0x23e00000, 0x28d50000)
  eden space 4992K,   0% used [0x23800000, 0x23800000, 0x23ce0000)
  from space 576K,   0% used [0x23d70000, 0x23d70bd8, 0x23e00000)
  to   space 576K,   0% used [0x23ce0000, 0x23ce0000, 0x23d70000)
 tenured generation   total 12152K, used 10330K [0x28d50000, 0x2992e000, 0x33800000)
   the space 12152K,  85% used [0x28d50000, 0x29766ad8, 0x29766c00, 0x2992e000)
 compacting perm gen  total 12288K, used 3338K [0x33800000, 0x34400000, 0x37800000)
   the space 12288K,  27% used [0x33800000, 0x33b42b90, 0x33b42c00, 0x34400000)
    ro space 10240K,  42% used [0x37800000, 0x37c422a0, 0x37c42400, 0x38200000)
    rw space 12288K,  54% used [0x38200000, 0x38883250, 0x38883400, 0x38e00000)
}

