# JRE version: 7.0_21-b11
# Java VM: Java HotSpot(TM) Client VM (23.21-b01 mixed mode, sharing windows-x86 )
Heap
 def new generation   total 5440K, used 2573K [0x23800000, 0x23de0000, 0x28d50000)
  eden space 4864K,  52% used [0x23800000, 0x23a83248, 0x23cc0000)
  from space 576K,   0% used [0x23d50000, 0x23d50330, 0x23de0000)
  to   space 576K,   0% used [0x23cc0000, 0x23cc0000, 0x23d50000)
 tenured generation   total 11896K, used 3569K [0x28d50000, 0x298ee000, 0x33800000)
   the space 11896K,  30% used [0x28d50000, 0x290cc510, 0x290cc600, 0x298ee000)
 compacting perm gen  total 12288K, used 3587K [0x33800000, 0x34400000, 0x37800000)
   the space 12288K,  29% used [0x33800000, 0x33b80e28, 0x33b81000, 0x34400000)
    ro space 10240K,  42% used [0x37800000, 0x37c422a0, 0x37c42400, 0x38200000)
    rw space 12288K,  54% used [0x38200000, 0x38883250, 0x38883400, 0x38e00000)
GC Heap History (10 events):
Event: 1683.169 GC heap before
{Heap before GC invocations=47347 (full 2138):
 def new generation   total 5440K, used 4868K [0x23800000, 0x23de0000, 0x28d50000)
  eden space 4864K, 100% used [0x23800000, 0x23cc0000, 0x23cc0000)
  from space 576K,   0% used [0x23cc0000, 0x23cc1398, 0x23d50000)
  to   space 576K,   0% used [0x23d50000, 0x23d50000, 0x23de0000)
 tenured generation   total 11896K, used 10770K [0x28d50000, 0x298ee000, 0x33800000)
   the space 11896K,  90% used [0x28d50000, 0x297d4ae8, 0x297d4c00, 0x298ee000)
 compacting perm gen  total 12288K, used 3582K [0x33800000, 0x34400000, 0x37800000)
   the space 12288K,  29% used [0x33800000, 0x33b7fa68, 0x33b7fc00, 0x34400000)
    ro space 10240K,  42% used [0x37800000, 0x37c422a0, 0x37c42400, 0x38200000)
    rw space 12288K,  54% used [0x38200000, 0x38883250, 0x38883400, 0x38e00000)
Event: 1683.203 GC heap after
Heap after GC invocations=47348 (full 2139):
 def new generation   total 5440K, used 0K [0x23800000, 0x23de0000, 0x28d50000)
  eden space 4864K,   0% used [0x23800000, 0x23800000, 0x23cc0000)
  from space 576K,   0% used [0x23d50000, 0x23d50000, 0x23de0000)
  to   space 576K,   0% used [0x23cc0000, 0x23cc0000, 0x23d50000)
 tenured generation   total 11896K, used 3569K [0x28d50000, 0x298ee000, 0x33800000)
   the space 11896K,  30% used [0x28d50000, 0x290cc510, 0x290cc600, 0x298ee000)
 compacting perm gen  total 12288K, used 3582K [0x33800000, 0x34400000, 0x37800000)
   the space 12288K,  29% used [0x33800000, 0x33b7fa68, 0x33b7fc00, 0x34400000)
    ro space 10240K,  42% used [0x37800000, 0x37c422a0, 0x37c42400, 0x38200000)
    rw space 12288K,  54% used [0x38200000, 0x38883250, 0x38883400, 0x38e00000)
}
Event: 1683.218 GC heap before
{Heap before GC invocations=47348 (full 2139):
 def new generation   total 5440K, used 4864K [0x23800000, 0x23de0000, 0x28d50000)
  eden space 4864K, 100% used [0x23800000, 0x23cc0000, 0x23cc0000)
  from space 576K,   0% used [0x23d50000, 0x23d50000, 0x23de0000)
  to   space 576K,   0% used [0x23cc0000, 0x23cc0000, 0x23d50000)
 tenured generation   total 11896K, used 3569K [0x28d50000, 0x298ee000, 0x33800000)
   the space 11896K,  30% used [0x28d50000, 0x290cc510, 0x290cc600, 0x298ee000)
 compacting perm gen  total 12288K, used 3582K [0x33800000, 0x34400000, 0x37800000)
   the space 12288K,  29% used [0x33800000, 0x33b7fa68, 0x33b7fc00, 0x34400000)
    ro space 10240K,  42% used [0x37800000, 0x37c422a0, 0x37c42400, 0x38200000)
    rw space 12288K,  54% used [0x38200000, 0x38883250, 0x38883400, 0x38e00000)
Event: 1683.219 GC heap after
Heap after GC invocations=47349 (full 2139):
 def new generation   total 5440K, used 0K [0x23800000, 0x23de0000, 0x28d50000)
  eden space 4864K,   0% used [0x23800000, 0x23800000, 0x23cc0000)
  from space 576K,   0% used [0x23cc0000, 0x23cc0000, 0x23d50000)
  to   space 576K,   0% used [0x23d50000, 0x23d50000, 0x23de0000)
 tenured generation   total 11896K, used 3569K [0x28d50000, 0x298ee000, 0x33800000)
   the space 11896K,  30% used [0x28d50000, 0x290cc510, 0x290cc600, 0x298ee000)
 compacting perm gen  total 12288K, used 3582K [0x33800000, 0x34400000, 0x37800000)
   the space 12288K,  29% used [0x33800000, 0x33b7fa68, 0x33b7fc00, 0x34400000)
    ro space 10240K,  42% used [0x37800000, 0x37c422a0, 0x37c42400, 0x38200000)
    rw space 12288K,  54% used [0x38200000, 0x38883250, 0x38883400, 0x38e00000)
}
Event: 1683.234 GC heap before
{Heap before GC invocations=47349 (full 2139):
 def new generation   total 5440K, used 4864K [0x23800000, 0x23de0000, 0x28d50000)
  eden space 4864K, 100% used [0x23800000, 0x23cc0000, 0x23cc0000)
  from space 576K,   0% used [0x23cc0000, 0x23cc0000, 0x23d50000)
  to   space 576K,   0% used [0x23d50000, 0x23d50000, 0x23de0000)
 tenured generation   total 11896K, used 3569K [0x28d50000, 0x298ee000, 0x33800000)
   the space 11896K,  30% used [0x28d50000, 0x290cc510, 0x290cc600, 0x298ee000)
 compacting perm gen  total 12288K, used 3582K [0x33800000, 0x34400000, 0x37800000)
   the space 12288K,  29% used [0x33800000, 0x33b7fa68, 0x33b7fc00, 0x34400000)
    ro space 10240K,  42% used [0x37800000, 0x37c422a0, 0x37c42400, 0x38200000)
    rw space 12288K,  54% used [0x38200000, 0x38883250, 0x38883400, 0x38e00000)
Event: 1683.235 GC heap after
Heap after GC invocations=47350 (full 2139):
 def new generation   total 5440K, used 0K [0x23800000, 0x23de0000, 0x28d50000)
  eden space 4864K,   0% used [0x23800000, 0x23800000, 0x23cc0000)
  from space 576K,   0% used [0x23d50000, 0x23d50000, 0x23de0000)
  to   space 576K,   0% used [0x23cc0000, 0x23cc0000, 0x23d50000)
 tenured generation   total 11896K, used 3569K [0x28d50000, 0x298ee000, 0x33800000)
   the space 11896K,  30% used [0x28d50000, 0x290cc510, 0x290cc600, 0x298ee000)
 compacting perm gen  total 12288K, used 3582K [0x33800000, 0x34400000, 0x37800000)
   the space 12288K,  29% used [0x33800000, 0x33b7fa68, 0x33b7fc00, 0x34400000)
    ro space 10240K,  42% used [0x37800000, 0x37c422a0, 0x37c42400, 0x38200000)
    rw space 12288K,  54% used [0x38200000, 0x38883250, 0x38883400, 0x38e00000)
}
Event: 1683.251 GC heap before
{Heap before GC invocations=47350 (full 2139):
 def new generation   total 5440K, used 4864K [0x23800000, 0x23de0000, 0x28d50000)
  eden space 4864K, 100% used [0x23800000, 0x23cc0000, 0x23cc0000)
  from space 576K,   0% used [0x23d50000, 0x23d50000, 0x23de0000)
  to   space 576K,   0% used [0x23cc0000, 0x23cc0000, 0x23d50000)
 tenured generation   total 11896K, used 3569K [0x28d50000, 0x298ee000, 0x33800000)
   the space 11896K,  30% used [0x28d50000, 0x290cc510, 0x290cc600, 0x298ee000)
 compacting perm gen  total 12288K, used 3582K [0x33800000, 0x34400000, 0x37800000)
   the space 12288K,  29% used [0x33800000, 0x33b7fa68, 0x33b7fc00, 0x34400000)
    ro space 10240K,  42% used [0x37800000, 0x37c422a0, 0x37c42400, 0x38200000)
    rw space 12288K,  54% used [0x38200000, 0x38883250, 0x38883400, 0x38e00000)
Event: 1683.251 GC heap after
Heap after GC invocations=47351 (full 2139):
 def new generation   total 5440K, used 0K [0x23800000, 0x23de0000, 0x28d50000)
  eden space 4864K,   0% used [0x23800000, 0x23800000, 0x23cc0000)
  from space 576K,   0% used [0x23cc0000, 0x23cc0000, 0x23d50000)
  to   space 576K,   0% used [0x23d50000, 0x23d50000, 0x23de0000)
 tenured generation   total 11896K, used 3569K [0x28d50000, 0x298ee000, 0x33800000)
   the space 11896K,  30% used [0x28d50000, 0x290cc510, 0x290cc600, 0x298ee000)
 compacting perm gen  total 12288K, used 3582K [0x33800000, 0x34400000, 0x37800000)
   the space 12288K,  29% used [0x33800000, 0x33b7fa68, 0x33b7fc00, 0x34400000)
    ro space 10240K,  42% used [0x37800000, 0x37c422a0, 0x37c42400, 0x38200000)
    rw space 12288K,  54% used [0x38200000, 0x38883250, 0x38883400, 0x38e00000)
}
Event: 1683.666 GC heap before
{Heap before GC invocations=47351 (full 2139):
 def new generation   total 5440K, used 3858K [0x23800000, 0x23de0000, 0x28d50000)
  eden space 4864K,  79% used [0x23800000, 0x23bc4a78, 0x23cc0000)
  from space 576K,   0% used [0x23cc0000, 0x23cc0000, 0x23d50000)
  to   space 576K,   0% used [0x23d50000, 0x23d50000, 0x23de0000)
 tenured generation   total 11896K, used 3569K [0x28d50000, 0x298ee000, 0x33800000)
   the space 11896K,  30% used [0x28d50000, 0x290cc510, 0x290cc600, 0x298ee000)
 compacting perm gen  total 12288K, used 3582K [0x33800000, 0x34400000, 0x37800000)
   the space 12288K,  29% used [0x33800000, 0x33b7fa68, 0x33b7fc00, 0x34400000)
    ro space 10240K,  42% used [0x37800000, 0x37c422a0, 0x37c42400, 0x38200000)
    rw space 12288K,  54% used [0x38200000, 0x38883250, 0x38883400, 0x38e00000)
Event: 1683.667 GC heap after
Heap after GC invocations=47352 (full 2139):
 def new generation   total 5440K, used 0K [0x23800000, 0x23de0000, 0x28d50000)
  eden space 4864K,   0% used [0x23800000, 0x23800000, 0x23cc0000)
  from space 576K,   0% used [0x23d50000, 0x23d50330, 0x23de0000)
  to   space 576K,   0% used [0x23cc0000, 0x23cc0000, 0x23d50000)
 tenured generation   total 11896K, used 3569K [0x28d50000, 0x298ee000, 0x33800000)
   the space 11896K,  30% used [0x28d50000, 0x290cc510, 0x290cc600, 0x298ee000)
 compacting perm gen  total 12288K, used 3582K [0x33800000, 0x34400000, 0x37800000)
   the space 12288K,  29% used [0x33800000, 0x33b7fa68, 0x33b7fc00, 0x34400000)
    ro space 10240K,  42% used [0x37800000, 0x37c422a0, 0x37c42400, 0x38200000)
    rw space 12288K,  54% used [0x38200000, 0x38883250, 0x38883400, 0x38e00000)
}

